{"contracts/interfaces/UniswapFactoryInterface.sol":{"l":{},"path":"/Users/alexherrmann/yieldToken/yieldtoken/contracts/interfaces/UniswapFactoryInterface.sol","s":{},"b":{},"f":{},"fnMap":{},"statementMap":{},"branchMap":{}},"contracts/Treasurer.sol":{"l":{"46":41,"47":41,"48":41,"49":41,"54":42,"55":40,"64":38,"71":32,"72":30,"73":30,"74":30,"75":30,"82":9,"90":7,"96":3,"97":3,"102":1,"114":30,"115":28,"119":26,"127":24,"128":24,"130":24,"135":22,"144":7,"145":5,"150":3,"154":1,"155":1,"167":13,"169":11,"174":9,"175":9,"179":7,"185":5,"189":3,"192":3,"193":3,"195":3,"200":1,"212":7,"215":5,"222":3,"223":3,"224":3,"230":3,"236":3,"237":3,"240":3,"243":3,"247":1,"256":7,"257":5,"261":3,"262":2,"266":3,"267":3,"270":3,"271":3,"276":11,"280":9,"284":7,"287":5,"290":5,"294":5,"302":35,"303":35,"304":35,"305":35,"311":7,"314":7,"323":9,"326":9,"332":24,"335":24,"342":31,"345":31},"path":"/Users/alexherrmann/yieldToken/yieldtoken/contracts/Treasurer.sol","s":{"1":41,"2":41,"3":41,"4":41,"5":42,"6":40,"7":38,"8":32,"9":30,"10":30,"11":30,"12":30,"13":9,"14":7,"15":3,"16":3,"17":1,"18":30,"19":28,"20":26,"21":24,"22":24,"23":24,"24":22,"25":7,"26":5,"27":3,"28":1,"29":1,"30":13,"31":11,"32":9,"33":9,"34":7,"35":5,"36":3,"37":3,"38":3,"39":3,"40":1,"41":7,"42":5,"43":3,"44":3,"45":3,"46":3,"47":3,"48":3,"49":3,"50":3,"51":1,"52":7,"53":5,"54":3,"55":2,"56":3,"57":3,"58":3,"59":3,"60":11,"61":9,"62":7,"63":5,"64":5,"65":5,"66":35,"67":35,"68":35,"69":35,"70":7,"71":7,"72":9,"73":9,"74":24,"75":24,"76":31,"77":31},"b":{"1":[40,2],"2":[30,2],"3":[7,2],"4":[1,2],"5":[28,2],"6":[26,2],"7":[24,2],"8":[22,2],"9":[5,2],"10":[3,2],"11":[1,2],"12":[11,2],"13":[9,2],"14":[7,2],"15":[5,2],"16":[3,2],"17":[1,2],"18":[5,2],"19":[3,2],"20":[1,2],"21":[5,2],"22":[3,2],"23":[2,1],"24":[9,2],"25":[7,2],"26":[5,2]},"f":{"1":41,"2":42,"3":38,"4":32,"5":9,"6":3,"7":30,"8":7,"9":13,"10":7,"11":7,"12":11,"13":35,"14":7,"15":9,"16":24,"17":31},"fnMap":{"1":{"name":"constructor","line":40,"loc":{"start":{"line":40,"column":4},"end":{"line":45,"column":24}}},"2":{"name":"setOracle","line":53,"loc":{"start":{"line":53,"column":4},"end":{"line":53,"column":53}}},"3":{"name":"getSettlmentVSCollateralTokenRate","line":59,"loc":{"start":{"line":59,"column":4},"end":{"line":63,"column":5}}},"4":{"name":"createNewYToken","line":67,"loc":{"start":{"line":67,"column":4},"end":{"line":70,"column":5}}},"5":{"name":"topUpCollateral","line":78,"loc":{"start":{"line":78,"column":4},"end":{"line":81,"column":5}}},"6":{"name":"withdrawCollateral","line":95,"loc":{"start":{"line":95,"column":4},"end":{"line":95,"column":68}}},"7":{"name":"issueYToken","line":109,"loc":{"start":{"line":109,"column":4},"end":{"line":113,"column":14}}},"8":{"name":"payoutDebt","line":140,"loc":{"start":{"line":140,"column":4},"end":{"line":143,"column":5}}},"9":{"name":"redeemDebtByProvidingYTokens","line":162,"loc":{"start":{"line":162,"column":4},"end":{"line":166,"column":14}}},"10":{"name":"liquidate","line":207,"loc":{"start":{"line":207,"column":4},"end":{"line":211,"column":14}}},"11":{"name":"claimFaceValue","line":253,"loc":{"start":{"line":253,"column":4},"end":{"line":255,"column":5}}},"12":{"name":"settleDebtIntoDAIVault","line":275,"loc":{"start":{"line":275,"column":4},"end":{"line":275,"column":56}}},"13":{"name":"checkCollateralSufficiency","line":297,"loc":{"start":{"line":297,"column":4},"end":{"line":301,"column":5}}},"14":{"name":"reduceDebtOfRepo","line":308,"loc":{"start":{"line":308,"column":4},"end":{"line":310,"column":5}}},"15":{"name":"reduceCollateralOfRepo","line":318,"loc":{"start":{"line":318,"column":4},"end":{"line":322,"column":16}}},"16":{"name":"addDebtToRepo","line":329,"loc":{"start":{"line":329,"column":4},"end":{"line":331,"column":5}}},"17":{"name":"addCollateralToRepo","line":339,"loc":{"start":{"line":339,"column":4},"end":{"line":341,"column":5}}}},"statementMap":{"1":{"start":{"line":46,"column":8},"end":{"line":46,"column":41}},"2":{"start":{"line":47,"column":8},"end":{"line":47,"column":41}},"3":{"start":{"line":48,"column":8},"end":{"line":48,"column":41}},"4":{"start":{"line":49,"column":8},"end":{"line":49,"column":47}},"5":{"start":{"line":54,"column":8},"end":{"line":54,"column":71}},"6":{"start":{"line":55,"column":8},"end":{"line":55,"column":23}},"7":{"start":{"line":64,"column":8},"end":{"line":64,"column":24}},"8":{"start":{"line":71,"column":8},"end":{"line":71,"column":73}},"9":{"start":{"line":72,"column":8},"end":{"line":72,"column":27}},"10":{"start":{"line":73,"column":8},"end":{"line":73,"column":48}},"11":{"start":{"line":74,"column":8},"end":{"line":74,"column":31}},"12":{"start":{"line":75,"column":8},"end":{"line":75,"column":36}},"13":{"start":{"line":82,"column":8},"end":{"line":82,"column":2831}},"14":{"start":{"line":90,"column":8},"end":{"line":90,"column":64}},"15":{"start":{"line":96,"column":8},"end":{"line":96,"column":57}},"16":{"start":{"line":97,"column":8},"end":{"line":97,"column":3341}},"17":{"start":{"line":102,"column":8},"end":{"line":102,"column":51}},"18":{"start":{"line":114,"column":8},"end":{"line":114,"column":70}},"19":{"start":{"line":115,"column":8},"end":{"line":115,"column":3947}},"20":{"start":{"line":119,"column":8},"end":{"line":119,"column":4087}},"21":{"start":{"line":127,"column":8},"end":{"line":127,"column":70}},"22":{"start":{"line":128,"column":8},"end":{"line":128,"column":54}},"23":{"start":{"line":130,"column":8},"end":{"line":130,"column":4455}},"24":{"start":{"line":135,"column":8},"end":{"line":135,"column":53}},"25":{"start":{"line":144,"column":8},"end":{"line":144,"column":76}},"26":{"start":{"line":145,"column":8},"end":{"line":145,"column":4954}},"27":{"start":{"line":150,"column":8},"end":{"line":150,"column":5156}},"28":{"start":{"line":154,"column":8},"end":{"line":154,"column":76}},"29":{"start":{"line":155,"column":8},"end":{"line":155,"column":51}},"30":{"start":{"line":167,"column":8},"end":{"line":167,"column":70}},"31":{"start":{"line":169,"column":8},"end":{"line":169,"column":5891}},"32":{"start":{"line":174,"column":8},"end":{"line":174,"column":52}},"33":{"start":{"line":175,"column":8},"end":{"line":175,"column":6072}},"34":{"start":{"line":179,"column":8},"end":{"line":179,"column":6207}},"35":{"start":{"line":185,"column":8},"end":{"line":185,"column":6360}},"36":{"start":{"line":189,"column":8},"end":{"line":189,"column":51}},"37":{"start":{"line":192,"column":8},"end":{"line":192,"column":59}},"38":{"start":{"line":193,"column":8},"end":{"line":193,"column":51}},"39":{"start":{"line":195,"column":8},"end":{"line":195,"column":6729}},"40":{"start":{"line":200,"column":8},"end":{"line":200,"column":53}},"41":{"start":{"line":212,"column":8},"end":{"line":212,"column":75}},"42":{"start":{"line":215,"column":8},"end":{"line":215,"column":7411}},"43":{"start":{"line":222,"column":8},"end":{"line":222,"column":45}},"44":{"start":{"line":223,"column":8},"end":{"line":223,"column":58}},"45":{"start":{"line":224,"column":8},"end":{"line":224,"column":7753}},"46":{"start":{"line":230,"column":8},"end":{"line":230,"column":7929}},"47":{"start":{"line":236,"column":8},"end":{"line":236,"column":72}},"48":{"start":{"line":237,"column":8},"end":{"line":237,"column":44}},"49":{"start":{"line":240,"column":8},"end":{"line":240,"column":76}},"50":{"start":{"line":243,"column":8},"end":{"line":243,"column":8442}},"51":{"start":{"line":247,"column":8},"end":{"line":247,"column":73}},"52":{"start":{"line":256,"column":8},"end":{"line":256,"column":74}},"53":{"start":{"line":257,"column":8},"end":{"line":257,"column":8971}},"54":{"start":{"line":261,"column":8},"end":{"line":261,"column":9103}},"55":{"start":{"line":262,"column":12},"end":{"line":262,"column":41}},"56":{"start":{"line":266,"column":8},"end":{"line":266,"column":76}},"57":{"start":{"line":267,"column":8},"end":{"line":267,"column":9363}},"58":{"start":{"line":270,"column":8},"end":{"line":270,"column":55}},"59":{"start":{"line":271,"column":8},"end":{"line":271,"column":52}},"60":{"start":{"line":276,"column":8},"end":{"line":276,"column":9713}},"61":{"start":{"line":280,"column":8},"end":{"line":280,"column":9838}},"62":{"start":{"line":284,"column":8},"end":{"line":284,"column":61}},"63":{"start":{"line":287,"column":8},"end":{"line":287,"column":74}},"64":{"start":{"line":290,"column":8},"end":{"line":290,"column":10194}},"65":{"start":{"line":294,"column":8},"end":{"line":294,"column":29}},"66":{"start":{"line":302,"column":8},"end":{"line":302,"column":47}},"67":{"start":{"line":303,"column":8},"end":{"line":303,"column":58}},"68":{"start":{"line":304,"column":8},"end":{"line":304,"column":70}},"69":{"start":{"line":305,"column":8},"end":{"line":305,"column":49}},"70":{"start":{"line":311,"column":8},"end":{"line":311,"column":10820}},"71":{"start":{"line":314,"column":8},"end":{"line":314,"column":10929}},"72":{"start":{"line":323,"column":8},"end":{"line":323,"column":11183}},"73":{"start":{"line":326,"column":8},"end":{"line":326,"column":11320}},"74":{"start":{"line":332,"column":8},"end":{"line":332,"column":11520}},"75":{"start":{"line":335,"column":8},"end":{"line":335,"column":11629}},"76":{"start":{"line":342,"column":8},"end":{"line":342,"column":11862}},"77":{"start":{"line":345,"column":8},"end":{"line":345,"column":11999}}},"branchMap":{"1":{"line":54,"type":"if","locations":[{"start":{"line":54,"column":8},"end":{"line":54,"column":8}},{"start":{"line":54,"column":8},"end":{"line":54,"column":8}}]},"2":{"line":71,"type":"if","locations":[{"start":{"line":71,"column":8},"end":{"line":71,"column":8}},{"start":{"line":71,"column":8},"end":{"line":71,"column":8}}]},"3":{"line":82,"type":"if","locations":[{"start":{"line":82,"column":8},"end":{"line":82,"column":8}},{"start":{"line":82,"column":8},"end":{"line":82,"column":8}}]},"4":{"line":97,"type":"if","locations":[{"start":{"line":97,"column":8},"end":{"line":97,"column":8}},{"start":{"line":97,"column":8},"end":{"line":97,"column":8}}]},"5":{"line":114,"type":"if","locations":[{"start":{"line":114,"column":8},"end":{"line":114,"column":8}},{"start":{"line":114,"column":8},"end":{"line":114,"column":8}}]},"6":{"line":115,"type":"if","locations":[{"start":{"line":115,"column":8},"end":{"line":115,"column":8}},{"start":{"line":115,"column":8},"end":{"line":115,"column":8}}]},"7":{"line":119,"type":"if","locations":[{"start":{"line":119,"column":8},"end":{"line":119,"column":8}},{"start":{"line":119,"column":8},"end":{"line":119,"column":8}}]},"8":{"line":130,"type":"if","locations":[{"start":{"line":130,"column":8},"end":{"line":130,"column":8}},{"start":{"line":130,"column":8},"end":{"line":130,"column":8}}]},"9":{"line":144,"type":"if","locations":[{"start":{"line":144,"column":8},"end":{"line":144,"column":8}},{"start":{"line":144,"column":8},"end":{"line":144,"column":8}}]},"10":{"line":145,"type":"if","locations":[{"start":{"line":145,"column":8},"end":{"line":145,"column":8}},{"start":{"line":145,"column":8},"end":{"line":145,"column":8}}]},"11":{"line":150,"type":"if","locations":[{"start":{"line":150,"column":8},"end":{"line":150,"column":8}},{"start":{"line":150,"column":8},"end":{"line":150,"column":8}}]},"12":{"line":167,"type":"if","locations":[{"start":{"line":167,"column":8},"end":{"line":167,"column":8}},{"start":{"line":167,"column":8},"end":{"line":167,"column":8}}]},"13":{"line":169,"type":"if","locations":[{"start":{"line":169,"column":8},"end":{"line":169,"column":8}},{"start":{"line":169,"column":8},"end":{"line":169,"column":8}}]},"14":{"line":175,"type":"if","locations":[{"start":{"line":175,"column":8},"end":{"line":175,"column":8}},{"start":{"line":175,"column":8},"end":{"line":175,"column":8}}]},"15":{"line":179,"type":"if","locations":[{"start":{"line":179,"column":8},"end":{"line":179,"column":8}},{"start":{"line":179,"column":8},"end":{"line":179,"column":8}}]},"16":{"line":185,"type":"if","locations":[{"start":{"line":185,"column":8},"end":{"line":185,"column":8}},{"start":{"line":185,"column":8},"end":{"line":185,"column":8}}]},"17":{"line":195,"type":"if","locations":[{"start":{"line":195,"column":8},"end":{"line":195,"column":8}},{"start":{"line":195,"column":8},"end":{"line":195,"column":8}}]},"18":{"line":212,"type":"if","locations":[{"start":{"line":212,"column":8},"end":{"line":212,"column":8}},{"start":{"line":212,"column":8},"end":{"line":212,"column":8}}]},"19":{"line":215,"type":"if","locations":[{"start":{"line":215,"column":8},"end":{"line":215,"column":8}},{"start":{"line":215,"column":8},"end":{"line":215,"column":8}}]},"20":{"line":243,"type":"if","locations":[{"start":{"line":243,"column":8},"end":{"line":243,"column":8}},{"start":{"line":243,"column":8},"end":{"line":243,"column":8}}]},"21":{"line":256,"type":"if","locations":[{"start":{"line":256,"column":8},"end":{"line":256,"column":8}},{"start":{"line":256,"column":8},"end":{"line":256,"column":8}}]},"22":{"line":257,"type":"if","locations":[{"start":{"line":257,"column":8},"end":{"line":257,"column":8}},{"start":{"line":257,"column":8},"end":{"line":257,"column":8}}]},"23":{"line":261,"type":"if","locations":[{"start":{"line":261,"column":8},"end":{"line":261,"column":8}},{"start":{"line":261,"column":8},"end":{"line":261,"column":8}}]},"24":{"line":276,"type":"if","locations":[{"start":{"line":276,"column":8},"end":{"line":276,"column":8}},{"start":{"line":276,"column":8},"end":{"line":276,"column":8}}]},"25":{"line":280,"type":"if","locations":[{"start":{"line":280,"column":8},"end":{"line":280,"column":8}},{"start":{"line":280,"column":8},"end":{"line":280,"column":8}}]},"26":{"line":284,"type":"if","locations":[{"start":{"line":284,"column":8},"end":{"line":284,"column":8}},{"start":{"line":284,"column":8},"end":{"line":284,"column":8}}]}}},"contracts/yToken.sol":{"l":{"10":33,"14":6},"path":"/Users/alexherrmann/yieldToken/yieldtoken/contracts/yToken.sol","s":{"1":33,"2":6},"b":{},"f":{"1":33,"2":6},"fnMap":{"1":{"name":"constructor","line":9,"loc":{"start":{"line":9,"column":4},"end":{"line":9,"column":43}}},"2":{"name":"burnByOwner","line":13,"loc":{"start":{"line":13,"column":4},"end":{"line":13,"column":75}}}},"statementMap":{"1":{"start":{"line":10,"column":8},"end":{"line":10,"column":35}},"2":{"start":{"line":14,"column":8},"end":{"line":14,"column":29}}},"branchMap":{}}}